<?xml version="1.0" encoding="UTF-8"?>
<!-- Generated by org.testng.reporters.JUnitXMLReporter -->
<testsuite ignored="4" hostname="DESKTOP-SAIL2E2" failures="1" tests="8" name="Test" time="53.836" errors="0" timestamp="2025-07-17T12:59:01 IST">
  <testcase classname="practiceTest.InvoiceTest" name="createInvoice" time="0.068">
    <skipped/>
  </testcase> <!-- createInvoice -->
  <testcase classname="practiceTest.InvoiceTest" name="createInvoice" time="0.016">
    <skipped/>
  </testcase> <!-- createInvoice -->
  <testcase classname="practiceTest.InvoiceTest" name="createInvoice" time="0.02">
    <skipped/>
  </testcase> <!-- createInvoice -->
  <testcase classname="practiceTest.InvoiceTest" name="createInvoice" time="0.024">
    <skipped/>
  </testcase> <!-- createInvoice -->
  <testcase classname="practiceTest.InvoiceTest" name="createInvoice" time="0.035">
    <skipped/>
  </testcase> <!-- createInvoice -->
  <testcase classname="practiceTest.InvoiceTest" name="createInvoice" time="0.017">
    <failure type="java.lang.AssertionError" message="expected:&amp;lt;Admin123@ Administrator1 - Home - vtiger CRM 5 - Commercial Open Source CRM&amp;gt; but was:&amp;lt;Login&amp;gt;">
      <![CDATA[java.lang.AssertionError: expected:<Admin123@ Administrator1 - Home - vtiger CRM 5 - Commercial Open Source CRM> but was:<Login>
at practiceTest.InvoiceTest.createInvoice(InvoiceTest.java:18)
at java.base/java.util.ArrayList.forEach(ArrayList.java:1511)
... Removed 29 stack frames]]>
    </failure>
  </testcase> <!-- createInvoice -->
  <testcase classname="practiceTest.InvoiceTest" name="createInvoiceWithContctTest" time="0.006"/>
  <testcase classname="createContactAndOrganizationPackage.OrganiztionModule" name="createOrganizationWithPhoneNumber" time="9.546"/>
  <testcase classname="com.comcast.crm.baseclass.BaseClass" name="@BeforeSuite configBS" time="0.0">
    <ignored/>
  </testcase> <!-- @BeforeSuite configBS -->
  <testcase classname="com.comcast.crm.baseclass.BaseClass" name="@AfterSuite configAS" time="0.0">
    <ignored/>
  </testcase> <!-- @AfterSuite configAS -->
  <testcase classname="createContactAndOrganizationPackage.OrganiztionModule" name="createOrganizationWithIndustries" time="0.0">
    <ignored/>
  </testcase> <!-- createOrganizationWithIndustries -->
  <testcase classname="createContactAndOrganizationPackage.OrganiztionModule" name="createOrg" time="0.0">
    <ignored/>
  </testcase> <!-- createOrg -->
</testsuite> <!-- Test -->
