<?xml version="1.0" encoding="UTF-8"?>
<!-- Generated by org.testng.reporters.JUnitXMLReporter -->
<testsuite ignored="0" hostname="DESKTOP-SAIL2E2" failures="0" tests="3" name="Test1" time="55.977" errors="0" timestamp="09 Jul 2025 09:10:54 GMT">
  <testcase classname="createContactAndOrganizationPackage.ContactModule" name="createContact" time="11.297"/>
  <testcase classname="createContactAndOrganizationPackage.ContactModule" name="createContactWithOrgTest" time="14.133"/>
  <testcase classname="createContactAndOrganizationPackage.ContactModule" name="createContactWithSupportDate" time="4.944"/>
</testsuite> <!-- Test1 -->
