<?xml version="1.0" encoding="UTF-8"?>
<!-- Generated by org.testng.reporters.JUnitXMLReporter -->
<testsuite ignored="2" hostname="DESKTOP-SAIL2E2" failures="0" tests="6" name="TestRunner-Chrome" time="89.12" errors="0" timestamp="09 Jul 2025 11:03:56 GMT">
  <testcase classname="createContactAndOrganizationPackage.OrganiztionModule" name="createOrg" time="9.898"/>
  <testcase classname="createContactAndOrganizationPackage.OrganiztionModule" name="createOrganizationWithIndustries" time="10.608"/>
  <testcase classname="createContactAndOrganizationPackage.OrganiztionModule" name="createOrganizationWithPhoneNumber" time="9.448"/>
  <testcase classname="createContactAndOrganizationPackage.ContactModule" name="createContact" time="6.105"/>
  <testcase classname="createContactAndOrganizationPackage.ContactModule" name="createContactWithOrgTest" time="13.987"/>
  <testcase classname="createContactAndOrganizationPackage.ContactModule" name="createContactWithSupportDate" time="5.173"/>
  <testcase classname="com.comcast.crm.baseclass.BaseClass" name="@BeforeSuite configBS" time="0.0">
    <ignored/>
  </testcase> <!-- @BeforeSuite configBS -->
  <testcase classname="com.comcast.crm.baseclass.BaseClass" name="@AfterSuite configAS" time="0.0">
    <ignored/>
  </testcase> <!-- @AfterSuite configAS -->
</testsuite> <!-- TestRunner-Chrome -->
