<?xml version="1.0" encoding="UTF-8"?>
<!-- Generated by org.testng.reporters.JUnitXMLReporter -->
<testsuite ignored="0" hostname="DESKTOP-SAIL2E2" failures="0" tests="3" name="Test2" time="50.697" errors="0" timestamp="09 Jul 2025 09:10:49 GMT">
  <testcase classname="createContactAndOrganizationPackage.OrganiztionModule" name="createOrg" time="11.322"/>
  <testcase classname="createContactAndOrganizationPackage.OrganiztionModule" name="createOrganizationWithIndustries" time="6.886"/>
  <testcase classname="createContactAndOrganizationPackage.OrganiztionModule" name="createOrganizationWithPhoneNumber" time="7.498"/>
</testsuite> <!-- Test2 -->
